This file contains any messages produced by compilers while
running configure, to aid debugging if configure makes a mistake.

It was created by configure, which was
generated by GNU Autoconf 2.53.  Invocation command line was

  $ ./configure 

## --------- ##
## Platform. ##
## --------- ##

hostname = raspberrypi
uname -m = armv6l
uname -r = 3.18.7+
uname -s = Linux
uname -v = #755 PREEMPT Thu Feb 12 17:14:31 GMT 2015

/usr/bin/uname -p = unknown
/bin/uname -X     = unknown

/bin/arch              = unknown
/usr/bin/arch -k       = unknown
/usr/convex/getsysinfo = unknown
hostinfo               = unknown
/bin/machine           = unknown
/usr/bin/oslevel       = unknown
/bin/universe          = unknown

PATH: /usr/local/sbin
PATH: /usr/local/bin
PATH: /usr/sbin
PATH: /usr/bin
PATH: /sbin
PATH: /bin
PATH: /usr/local/games
PATH: /usr/games


## ----------- ##
## Core tests. ##
## ----------- ##

configure:1242: checking for g++
configure:1258: found /usr/bin/g++
configure:1268: result: g++
configure:1284: checking for C++ compiler version
configure:1287: g++ --version </dev/null >&5
g++ (Debian 4.6.3-14+rpi1) 4.6.3
Copyright (C) 2011 Free Software Foundation, Inc.
This is free software; see the source for copying conditions.  There is NO
warranty; not even for MERCHANTABILITY or FITNESS FOR A PARTICULAR PURPOSE.

configure:1290: $? = 0
configure:1292: g++ -v </dev/null >&5
Using built-in specs.
COLLECT_GCC=g++
COLLECT_LTO_WRAPPER=/usr/lib/gcc/arm-linux-gnueabihf/4.6/lto-wrapper
Target: arm-linux-gnueabihf
Configured with: ../src/configure -v --with-pkgversion='Debian 4.6.3-14+rpi1' --with-bugurl=file:///usr/share/doc/gcc-4.6/README.Bugs --enable-languages=c,c++,fortran,objc,obj-c++ --prefix=/usr --program-suffix=-4.6 --enable-shared --enable-linker-build-id --with-system-zlib --libexecdir=/usr/lib --without-included-gettext --enable-threads=posix --with-gxx-include-dir=/usr/include/c++/4.6 --libdir=/usr/lib --enable-nls --with-sysroot=/ --enable-clocale=gnu --enable-libstdcxx-debug --enable-libstdcxx-time=yes --enable-gnu-unique-object --enable-plugin --enable-objc-gc --disable-sjlj-exceptions --with-arch=armv6 --with-fpu=vfp --with-float=hard --enable-checking=release --build=arm-linux-gnueabihf --host=arm-linux-gnueabihf --target=arm-linux-gnueabihf
Thread model: posix
gcc version 4.6.3 (Debian 4.6.3-14+rpi1) 
configure:1295: $? = 0
configure:1297: g++ -V </dev/null >&5
g++: error: unrecognized option '-V'
g++: fatal error: no input files
compilation terminated.
configure:1300: $? = 4
configure:1326: checking for C++ compiler default output
configure:1329: g++    conftest.cc  >&5
configure:1332: $? = 0
configure:1365: result: a.out
configure:1370: checking whether the C++ compiler works
configure:1376: ./a.out
configure:1379: $? = 0
configure:1394: result: yes
configure:1401: checking whether we are cross compiling
configure:1403: result: no
configure:1406: checking for suffix of executables
configure:1408: g++ -o conftest    conftest.cc  >&5
configure:1411: $? = 0
configure:1433: result: 
configure:1439: checking for suffix of object files
configure:1463: g++ -c   conftest.cc >&5
configure:1466: $? = 0
configure:1485: result: o
configure:1489: checking whether we are using the GNU C++ compiler
configure:1516: g++ -c   conftest.cc >&5
configure:1519: $? = 0
configure:1522: test -s conftest.o
configure:1525: $? = 0
configure:1537: result: yes
configure:1543: checking whether g++ accepts -g
configure:1567: g++ -c -g  conftest.cc >&5
configure:1570: $? = 0
configure:1573: test -s conftest.o
configure:1576: $? = 0
configure:1586: result: yes
configure:1632: g++ -c -g -O2  conftest.cc >&5
configure:1635: $? = 0
configure:1638: test -s conftest.o
configure:1641: $? = 0
configure:1669: g++ -c -g -O2  conftest.cc >&5
configure: In function 'int main()':
configure:1661:9: error: 'exit' was not declared in this scope
configure:1672: $? = 1
configure: failed program was:
#line 1650 "configure"
#include "confdefs.h"

#ifdef F77_DUMMY_MAIN
#  ifdef __cplusplus
     extern "C"
#  endif
   int F77_DUMMY_MAIN() { return 1; }
#endif
int
main ()
{
exit (42);
  ;
  return 0;
}
configure:1632: g++ -c -g -O2  conftest.cc >&5
configure:1635: $? = 0
configure:1638: test -s conftest.o
configure:1641: $? = 0
configure:1669: g++ -c -g -O2  conftest.cc >&5
configure:1672: $? = 0
configure:1675: test -s conftest.o
configure:1678: $? = 0
configure:1708: checking how to run the C++ preprocessor
configure:1730: g++ -E  conftest.cc
configure:1736: $? = 0
configure:1763: g++ -E  conftest.cc
configure:1759:28: fatal error: ac_nonexistent.h: No such file or directory
compilation terminated.
configure:1769: $? = 1
configure: failed program was:
#line 1758 "configure"
#include "confdefs.h"
#include <ac_nonexistent.h>
configure:1806: result: g++ -E
configure:1821: g++ -E  conftest.cc
configure:1827: $? = 0
configure:1854: g++ -E  conftest.cc
configure:1850:28: fatal error: ac_nonexistent.h: No such file or directory
compilation terminated.
configure:1860: $? = 1
configure: failed program was:
#line 1849 "configure"
#include "confdefs.h"
#include <ac_nonexistent.h>
configure:1900: checking for ANSI C header files
configure:1914: g++ -E  conftest.cc
configure:1920: $? = 0
configure:2007: g++ -o conftest -g -O2   conftest.cc  >&5
configure:2010: $? = 0
configure:2012: ./conftest
configure:2015: $? = 0
configure:2029: result: yes
configure:2039: checking for sys/wait.h that is POSIX.1 compatible
configure:2073: g++ -c -g -O2  conftest.cc >&5
configure:2076: $? = 0
configure:2079: test -s conftest.o
configure:2082: $? = 0
configure:2092: result: yes
configure:2116: checking for sys/types.h
configure:2129: g++ -c -g -O2  conftest.cc >&5
configure:2132: $? = 0
configure:2135: test -s conftest.o
configure:2138: $? = 0
configure:2148: result: yes
configure:2116: checking for sys/stat.h
configure:2129: g++ -c -g -O2  conftest.cc >&5
configure:2132: $? = 0
configure:2135: test -s conftest.o
configure:2138: $? = 0
configure:2148: result: yes
configure:2116: checking for stdlib.h
configure:2129: g++ -c -g -O2  conftest.cc >&5
configure:2132: $? = 0
configure:2135: test -s conftest.o
configure:2138: $? = 0
configure:2148: result: yes
configure:2116: checking for string.h
configure:2129: g++ -c -g -O2  conftest.cc >&5
configure:2132: $? = 0
configure:2135: test -s conftest.o
configure:2138: $? = 0
configure:2148: result: yes
configure:2116: checking for memory.h
configure:2129: g++ -c -g -O2  conftest.cc >&5
configure:2132: $? = 0
configure:2135: test -s conftest.o
configure:2138: $? = 0
configure:2148: result: yes
configure:2116: checking for strings.h
configure:2129: g++ -c -g -O2  conftest.cc >&5
configure:2132: $? = 0
configure:2135: test -s conftest.o
configure:2138: $? = 0
configure:2148: result: yes
configure:2116: checking for inttypes.h
configure:2129: g++ -c -g -O2  conftest.cc >&5
configure:2132: $? = 0
configure:2135: test -s conftest.o
configure:2138: $? = 0
configure:2148: result: yes
configure:2116: checking for stdint.h
configure:2129: g++ -c -g -O2  conftest.cc >&5
configure:2132: $? = 0
configure:2135: test -s conftest.o
configure:2138: $? = 0
configure:2148: result: yes
configure:2116: checking for unistd.h
configure:2129: g++ -c -g -O2  conftest.cc >&5
configure:2132: $? = 0
configure:2135: test -s conftest.o
configure:2138: $? = 0
configure:2148: result: yes
configure:2179: checking fcntl.h usability
configure:2188: g++ -c -g -O2  conftest.cc >&5
configure:2191: $? = 0
configure:2194: test -s conftest.o
configure:2197: $? = 0
configure:2206: result: yes
configure:2210: checking fcntl.h presence
configure:2217: g++ -E  conftest.cc
configure:2223: $? = 0
configure:2241: result: yes
configure:2259: checking for fcntl.h
configure:2266: result: yes
configure:2179: checking malloc.h usability
configure:2188: g++ -c -g -O2  conftest.cc >&5
configure:2191: $? = 0
configure:2194: test -s conftest.o
configure:2197: $? = 0
configure:2206: result: yes
configure:2210: checking malloc.h presence
configure:2217: g++ -E  conftest.cc
configure:2223: $? = 0
configure:2241: result: yes
configure:2259: checking for malloc.h
configure:2266: result: yes
configure:2170: checking for sys/types.h
configure:2175: result: yes
configure:2179: checking sys/time.h usability
configure:2188: g++ -c -g -O2  conftest.cc >&5
configure:2191: $? = 0
configure:2194: test -s conftest.o
configure:2197: $? = 0
configure:2206: result: yes
configure:2210: checking sys/time.h presence
configure:2217: g++ -E  conftest.cc
configure:2223: $? = 0
configure:2241: result: yes
configure:2259: checking for sys/time.h
configure:2266: result: yes
configure:2170: checking for unistd.h
configure:2175: result: yes
configure:2179: checking sys/socket.h usability
configure:2188: g++ -c -g -O2  conftest.cc >&5
configure:2191: $? = 0
configure:2194: test -s conftest.o
configure:2197: $? = 0
configure:2206: result: yes
configure:2210: checking sys/socket.h presence
configure:2217: g++ -E  conftest.cc
configure:2223: $? = 0
configure:2241: result: yes
configure:2259: checking for sys/socket.h
configure:2266: result: yes
configure:2295: checking sys/param.h usability
configure:2304: g++ -c -g -O2  conftest.cc >&5
configure:2307: $? = 0
configure:2310: test -s conftest.o
configure:2313: $? = 0
configure:2322: result: yes
configure:2326: checking sys/param.h presence
configure:2333: g++ -E  conftest.cc
configure:2339: $? = 0
configure:2357: result: yes
configure:2375: checking for sys/param.h
configure:2382: result: yes
configure:2295: checking sys/sysctl.h usability
configure:2304: g++ -c -g -O2  conftest.cc >&5
configure:2307: $? = 0
configure:2310: test -s conftest.o
configure:2313: $? = 0
configure:2322: result: yes
configure:2326: checking sys/sysctl.h presence
configure:2333: g++ -E  conftest.cc
configure:2339: $? = 0
configure:2357: result: yes
configure:2375: checking for sys/sysctl.h
configure:2382: result: yes
configure:2295: checking sys/utsname.h usability
configure:2304: g++ -c -g -O2  conftest.cc >&5
configure:2307: $? = 0
configure:2310: test -s conftest.o
configure:2313: $? = 0
configure:2322: result: yes
configure:2326: checking sys/utsname.h presence
configure:2333: g++ -E  conftest.cc
configure:2339: $? = 0
configure:2357: result: yes
configure:2375: checking for sys/utsname.h
configure:2382: result: yes
configure:2396: checking for pid_t
configure:2423: g++ -c -g -O2  conftest.cc >&5
configure:2426: $? = 0
configure:2429: test -s conftest.o
configure:2432: $? = 0
configure:2442: result: yes
configure:2454: checking for size_t
configure:2481: g++ -c -g -O2  conftest.cc >&5
configure:2484: $? = 0
configure:2487: test -s conftest.o
configure:2490: $? = 0
configure:2500: result: yes
configure:2512: checking if socklen_t defined
configure:2606: g++ -c -g -O2  conftest.cc >&5
configure:2609: $? = 0
configure:2612: test -s conftest.o
configure:2615: $? = 0
configure:2626: result: yes
configure:2635: checking whether time.h and sys/time.h may both be included
configure:2663: g++ -c -g -O2  conftest.cc >&5
configure:2666: $? = 0
configure:2669: test -s conftest.o
configure:2672: $? = 0
configure:2682: result: yes
configure:2693: checking return type of signal handlers
configure:2727: g++ -c -g -O2  conftest.cc >&5
configure:2730: $? = 0
configure:2733: test -s conftest.o
configure:2736: $? = 0
configure:2746: result: void
configure:2758: checking for strftime
configure:2801: g++ -o conftest -g -O2   conftest.cc  >&5
configure:2804: $? = 0
configure:2807: test -s conftest
configure:2810: $? = 0
configure:2820: result: yes
configure:2899: checking for vprintf
configure:2942: g++ -o conftest -g -O2   conftest.cc  >&5
configure:2945: $? = 0
configure:2948: test -s conftest
configure:2951: $? = 0
configure:2961: result: yes
configure:2968: checking for _doprnt
configure:3011: g++ -o conftest -g -O2   conftest.cc  >&5
/tmp/cccTAftm.o: In function `main':
/home/pi/dot/src/configure/configure:3006: undefined reference to `_doprnt'
collect2: ld returned 1 exit status
configure:3014: $? = 1
configure: failed program was:
#line 2973 "configure"
#include "confdefs.h"
/* System header to define __stub macros and hopefully few prototypes,
    which can conflict with char _doprnt (); below.  */
#include <assert.h>
/* Override any gcc2 internal prototype to avoid an error.  */
#ifdef __cplusplus
extern "C"
#endif
/* We use char because int might match the return type of a gcc2
   builtin and then its argument prototype would still apply.  */
char _doprnt ();
char (*f) ();

#ifdef F77_DUMMY_MAIN
#  ifdef __cplusplus
     extern "C"
#  endif
   int F77_DUMMY_MAIN() { return 1; }
#endif
int
main ()
{
/* The GNU C library defines this for functions which it implements
    to always fail with ENOSYS.  Some functions are actually named
    something starting with __ and the normal name is an alias.  */
#if defined (__stub__doprnt) || defined (__stub____doprnt)
choke me
#else
f = _doprnt;
#endif

  ;
  return 0;
}
configure:3030: result: no
configure:3051: checking for gettimeofday
configure:3094: g++ -o conftest -g -O2   conftest.cc  >&5
configure:3097: $? = 0
configure:3100: test -s conftest
configure:3103: $? = 0
configure:3113: result: yes
configure:3051: checking for select
configure:3094: g++ -o conftest -g -O2   conftest.cc  >&5
configure:3066:14: error: declaration of C function 'char select()' conflicts with
/usr/include/arm-linux-gnueabihf/sys/select.h:109:12: error: previous declaration 'int select(int, fd_set*, fd_set*, fd_set*, timeval*)' here
configure:3097: $? = 1
configure: failed program was:
#line 3056 "configure"
#include "confdefs.h"
/* System header to define __stub macros and hopefully few prototypes,
    which can conflict with char select (); below.  */
#include <assert.h>
/* Override any gcc2 internal prototype to avoid an error.  */
#ifdef __cplusplus
extern "C"
#endif
/* We use char because int might match the return type of a gcc2
   builtin and then its argument prototype would still apply.  */
char select ();
char (*f) ();

#ifdef F77_DUMMY_MAIN
#  ifdef __cplusplus
     extern "C"
#  endif
   int F77_DUMMY_MAIN() { return 1; }
#endif
int
main ()
{
/* The GNU C library defines this for functions which it implements
    to always fail with ENOSYS.  Some functions are actually named
    something starting with __ and the normal name is an alias.  */
#if defined (__stub_select) || defined (__stub___select)
choke me
#else
f = select;
#endif

  ;
  return 0;
}
configure:3113: result: no
configure:3051: checking for socket
configure:3094: g++ -o conftest -g -O2   conftest.cc  >&5
configure:3097: $? = 0
configure:3100: test -s conftest
configure:3103: $? = 0
configure:3113: result: yes
configure:3051: checking for strstr
configure:3094: g++ -o conftest -g -O2   conftest.cc  >&5
configure:3097: $? = 0
configure:3100: test -s conftest
configure:3103: $? = 0
configure:3113: result: yes
configure:3124: checking for deflate in -lz
configure:3157: g++ -o conftest -g -O2   conftest.cc -lz   >&5
configure:3160: $? = 0
configure:3163: test -s conftest
configure:3166: $? = 0
configure:3177: result: yes
configure:3190: checking zlib.h usability
configure:3199: g++ -c -g -O2  conftest.cc >&5
configure:3202: $? = 0
configure:3205: test -s conftest.o
configure:3208: $? = 0
configure:3217: result: yes
configure:3221: checking zlib.h presence
configure:3228: g++ -E  conftest.cc
configure:3234: $? = 0
configure:3252: result: yes
configure:3270: checking for zlib.h
configure:3277: result: yes
configure:3293: checking for BSD make
configure:3310: result: 
configure:3319: result: Not found
configure:3326: checking for GNU make
configure:3341: result: make
configure:3347: result: Found
configure:3441: creating ./config.status

## ---------------------- ##
## Running config.status. ##
## ---------------------- ##

This file was extended by config.status, which was
generated by GNU Autoconf 2.53.  Invocation command line was

  CONFIG_FILES    = 
  CONFIG_HEADERS  = 
  CONFIG_LINKS    = 
  CONFIG_COMMANDS = 
  $ ./config.status 

on raspberrypi

config.status:562: creating ../makefile
config.status:665: creating ../config.h

## ---------------- ##
## Cache variables. ##
## ---------------- ##

_cv_bsd_make_command=
_cv_gnu_make_command=make
ac_cv_cxx_compiler_gnu=yes
ac_cv_env_CPPFLAGS_set=
ac_cv_env_CPPFLAGS_value=
ac_cv_env_CXXCPP_set=
ac_cv_env_CXXCPP_value=
ac_cv_env_CXXFLAGS_set=
ac_cv_env_CXXFLAGS_value=
ac_cv_env_CXX_set=
ac_cv_env_CXX_value=
ac_cv_env_LDFLAGS_set=
ac_cv_env_LDFLAGS_value=
ac_cv_env_build_alias_set=
ac_cv_env_build_alias_value=
ac_cv_env_host_alias_set=
ac_cv_env_host_alias_value=
ac_cv_env_target_alias_set=
ac_cv_env_target_alias_value=
ac_cv_exeext=
ac_cv_func__doprnt=no
ac_cv_func_gettimeofday=yes
ac_cv_func_select=no
ac_cv_func_socket=yes
ac_cv_func_strftime=yes
ac_cv_func_strstr=yes
ac_cv_func_vprintf=yes
ac_cv_header_fcntl_h=yes
ac_cv_header_inttypes_h=yes
ac_cv_header_malloc_h=yes
ac_cv_header_memory_h=yes
ac_cv_header_stdc=yes
ac_cv_header_stdint_h=yes
ac_cv_header_stdlib_h=yes
ac_cv_header_string_h=yes
ac_cv_header_strings_h=yes
ac_cv_header_sys_param_h=yes
ac_cv_header_sys_socket_h=yes
ac_cv_header_sys_stat_h=yes
ac_cv_header_sys_sysctl_h=yes
ac_cv_header_sys_time_h=yes
ac_cv_header_sys_types_h=yes
ac_cv_header_sys_utsname_h=yes
ac_cv_header_sys_wait_h=yes
ac_cv_header_time=yes
ac_cv_header_unistd_h=yes
ac_cv_header_zlib_h=yes
ac_cv_lib_z_deflate=yes
ac_cv_objext=o
ac_cv_prog_CXXCPP='g++ -E'
ac_cv_prog_ac_ct_CXX=g++
ac_cv_prog_cxx_g=yes
ac_cv_type_pid_t=yes
ac_cv_type_signal=void
ac_cv_type_size_t=yes
ac_cv_type_socklen_t=yes

## ----------- ##
## confdefs.h. ##
## ----------- ##

#define PACKAGE_NAME ""
#define PACKAGE_TARNAME ""
#define PACKAGE_VERSION ""
#define PACKAGE_STRING ""
#define PACKAGE_BUGREPORT ""
#ifdef __cplusplus
#include <stdlib.h>
#endif
#define STDC_HEADERS 1
#define HAVE_SYS_WAIT_H 1
#define HAVE_SYS_TYPES_H 1
#define HAVE_SYS_STAT_H 1
#define HAVE_STDLIB_H 1
#define HAVE_STRING_H 1
#define HAVE_MEMORY_H 1
#define HAVE_STRINGS_H 1
#define HAVE_INTTYPES_H 1
#define HAVE_STDINT_H 1
#define HAVE_UNISTD_H 1
#define HAVE_FCNTL_H 1
#define HAVE_MALLOC_H 1
#define HAVE_SYS_TYPES_H 1
#define HAVE_SYS_TIME_H 1
#define HAVE_UNISTD_H 1
#define HAVE_SYS_SOCKET_H 1
#define HAVE_SYS_PARAM_H 1
#define HAVE_SYS_SYSCTL_H 1
#define HAVE_SYS_UTSNAME_H 1
#define TIME_WITH_SYS_TIME 1
#define RETSIGTYPE void
#define HAVE_STRFTIME 1
#define HAVE_VPRINTF 1
#define HAVE_GETTIMEOFDAY 1
#define HAVE_SOCKET 1
#define HAVE_STRSTR 1
#define HAVE_ZLIB 1

configure: exit 0
